[0625/145019.688:ERROR:crashpad_client_win.cc(491)] CreateProcess: Insufficient system resources exist to complete the requested service. (0x5AA)
[0625/145019.688:ERROR:crashpad_client_win.cc(491)] CreateProcess: Insufficient system resources exist to complete the requested service. (0x5AA)
[0625/145019.688:ERROR:crashpad_client_win.cc(491)] CreateProcess: Insufficient system resources exist to complete the requested service. (0x5AA)
[0625/145019.688:ERROR:crashpad_client_win.cc(491)] CreateProcess: Insufficient system resources exist to complete the requested service. (0x5AA)
[0625/145019.688:ERROR:crashpad_client_win.cc(491)] CreateProcess: Insufficient system resources exist to complete the requested service. (0x5AA)
[0625/145019.688:ERROR:crashpad_client_win.cc(491)] CreateProcess: Insufficient system resources exist to complete the requested service. (0x5AA)
[0625/145019.688:ERROR:crashpad_client_win.cc(491)] CreateProcess: Insufficient system resources exist to complete the requested service. (0x5AA)
[0625/145019.688:ERROR:crashpad_client_win.cc(491)] CreateProcess: Insufficient system resources exist to complete the requested service. (0x5AA)
[0625/145019.688:ERROR:crashpad_client_win.cc(491)] CreateProcess: Insufficient system resources exist to complete the requested service. (0x5AA)
[0625/145019.688:ERROR:crashpad_client_win.cc(491)] CreateProcess: Error (0x13D) while retrieving error. (0x5AA)
[0625/145019.688:ERROR:crashpad_client_win.cc(491)] CreateProcess: Error (0x13D) while retrieving error. (0x5AA)
[0625/145020.865:FATAL:thread_win.cc(25)] : The paging file is too small for this operation to complete. (0x5AF)
[0625/145021.811:FATAL:thread_win.cc(25)] : The paging file is too small for this operation to complete. (0x5AF)
[0625/145019.688:ERROR:crashpad_client_win.cc(491)] CreateProcess: Insufficient system resources exist to complete the requested service. (0x5AA)
[0625/145019.688:ERROR:crashpad_client_win.cc(491)] CreateProcess: Insufficient system resources exist to complete the requested service. (0x5AA)
[0625/145019.688:ERROR:crashpad_client_win.cc(491)] CreateProcess: Insufficient system resources exist to complete the requested service. (0x5AA)
[0625/145019.688:ERROR:crashpad_client_win.cc(491)] CreateProcess: Insufficient system resources exist to complete the requested service. (0x5AA)
[0625/145019.688:ERROR:crashpad_client_win.cc(491)] CreateProcess: Insufficient system resources exist to complete the requested service. (0x5AA)
[0625/145019.688:ERROR:crashpad_client_win.cc(491)] CreateProcess: Insufficient system resources exist to complete the requested service. (0x5AA)
[0625/145022.242:ERROR:crashpad_client_win.cc(491)] CreateProcess: Insufficient system resources exist to complete the requested service. (0x5AA)
[0625/145022.250:ERROR:crashpad_client_win.cc(491)] CreateProcess: Insufficient system resources exist to complete the requested service. (0x5AA)
[0625/145022.868:ERROR:crashpad_client_win.cc(491)] CreateProcess: Insufficient system resources exist to complete the requested service. (0x5AA)
[0625/145024.338:ERROR:crashpad_client_win.cc(491)] CreateProcess: Insufficient system resources exist to complete the requested service. (0x5AA)
[0625/145024.338:ERROR:crashpad_client_win.cc(491)] CreateProcess: Insufficient system resources exist to complete the requested service. (0x5AA)
[0625/145024.338:ERROR:crashpad_client_win.cc(491)] CreateProcess: Insufficient system resources exist to complete the requested service. (0x5AA)
[0625/145024.343:ERROR:crashpad_client_win.cc(491)] CreateProcess: The paging file is too small for this operation to complete. (0x5AF)
[0625/145024.343:ERROR:crashpad_client_win.cc(491)] CreateProcess: The paging file is too small for this operation to complete. (0x5AF)
[0625/145024.344:ERROR:crashpad_client_win.cc(491)] CreateProcess: The paging file is too small for this operation to complete. (0x5AF)
[0625/145024.345:ERROR:crashpad_client_win.cc(491)] CreateProcess: The paging file is too small for this operation to complete. (0x5AF)
[0625/145024.347:ERROR:crashpad_client_win.cc(491)] CreateProcess: Insufficient system resources exist to complete the requested service. (0x5AA)
[0625/145024.787:ERROR:crashpad_client_win.cc(491)] CreateProcess: Insufficient system resources exist to complete the requested service. (0x5AA)
[0625/145049.989:ERROR:registration_protocol_win.cc(84)] TransactNamedPipe: The pipe has been ended. (0x6D)
[0625/145119.512:ERROR:registration_protocol_win.cc(84)] TransactNamedPipe: The pipe has been ended. (0x6D)
[0625/145119.513:ERROR:registration_protocol_win.cc(84)] TransactNamedPipe: The pipe has been ended. (0x6D)
[0625/145119.517:ERROR:registration_protocol_win.cc(84)] TransactNamedPipe: The pipe has been ended. (0x6D)
[0625/145119.517:ERROR:registration_protocol_win.cc(84)] TransactNamedPipe: The pipe has been ended. (0x6D)
[0625/145119.517:ERROR:registration_protocol_win.cc(84)] TransactNamedPipe: The pipe has been ended. (0x6D)
[0625/145119.517:ERROR:registration_protocol_win.cc(84)] TransactNamedPipe: The pipe has been ended. (0x6D)
[0625/145119.518:ERROR:registration_protocol_win.cc(84)] TransactNamedPipe: The pipe has been ended. (0x6D)
[0625/145119.519:ERROR:registration_protocol_win.cc(84)] TransactNamedPipe: The pipe has been ended. (0x6D)
[0625/145119.519:ERROR:registration_protocol_win.cc(84)] TransactNamedPipe: The pipe has been ended. (0x6D)
[0625/145119.512:ERROR:registration_protocol_win.cc(84)] TransactNamedPipe: The pipe has been ended. (0x6D)
[0625/145119.513:ERROR:registration_protocol_win.cc(84)] TransactNamedPipe: The pipe has been ended. (0x6D)
[0625/145119.516:ERROR:registration_protocol_win.cc(84)] TransactNamedPipe: The pipe has been ended. (0x6D)
[0625/145119.513:ERROR:registration_protocol_win.cc(84)] TransactNamedPipe: The pipe has been ended. (0x6D)
[0625/145119.516:ERROR:registration_protocol_win.cc(84)] TransactNamedPipe: The pipe has been ended. (0x6D)
[0625/145119.516:ERROR:registration_protocol_win.cc(84)] TransactNamedPipe: The pipe has been ended. (0x6D)
[0625/145119.516:ERROR:registration_protocol_win.cc(84)] TransactNamedPipe: The pipe has been ended. (0x6D)
[0625/145119.646:ERROR:registration_protocol_win.cc(84)] TransactNamedPipe: The pipe has been ended. (0x6D)
[0625/145119.512:ERROR:registration_protocol_win.cc(84)] TransactNamedPipe: The pipe has been ended. (0x6D)
[0625/145119.513:ERROR:registration_protocol_win.cc(84)] TransactNamedPipe: The pipe has been ended. (0x6D)
[0625/145134.541:ERROR:registration_protocol_win.cc(84)] TransactNamedPipe: The pipe has been ended. (0x6D)
[0625/145134.539:ERROR:registration_protocol_win.cc(84)] TransactNamedPipe: The pipe has been ended. (0x6D)
[0625/145135.662:ERROR:registration_protocol_win.cc(84)] TransactNamedPipe: The pipe has been ended. (0x6D)
[0625/145136.305:ERROR:registration_protocol_win.cc(84)] TransactNamedPipe: The pipe has been ended. (0x6D)
[0625/145138.899:ERROR:registration_protocol_win.cc(84)] TransactNamedPipe: The pipe has been ended. (0x6D)
[0625/145340.292:ERROR:registration_protocol_win.cc(84)] TransactNamedPipe: The pipe has been ended. (0x6D)
[0625/145434.959:ERROR:registration_protocol_win.cc(84)] TransactNamedPipe: The pipe has been ended. (0x6D)
[0625/145434.959:ERROR:registration_protocol_win.cc(84)] TransactNamedPipe: The pipe has been ended. (0x6D)
[0625/145435.077:ERROR:registration_protocol_win.cc(84)] TransactNamedPipe: The pipe has been ended. (0x6D)
[0625/145435.090:ERROR:registration_protocol_win.cc(84)] TransactNamedPipe: The pipe has been ended. (0x6D)
[0625/145434.965:ERROR:registration_protocol_win.cc(84)] TransactNamedPipe: The pipe has been ended. (0x6D)
[0625/145435.171:ERROR:registration_protocol_win.cc(84)] TransactNamedPipe: The pipe has been ended. (0x6D)
[0625/145435.090:ERROR:registration_protocol_win.cc(84)] TransactNamedPipe: The pipe has been ended. (0x6D)
[0625/145435.090:ERROR:registration_protocol_win.cc(84)] TransactNamedPipe: The pipe has been ended. (0x6D)
[0625/145435.165:ERROR:registration_protocol_win.cc(84)] TransactNamedPipe: The pipe has been ended. (0x6D)
[0625/145435.166:ERROR:registration_protocol_win.cc(84)] TransactNamedPipe: The pipe has been ended. (0x6D)
[0625/145435.158:ERROR:registration_protocol_win.cc(84)] TransactNamedPipe: The pipe has been ended. (0x6D)
[0625/145435.769:ERROR:registration_protocol_win.cc(84)] TransactNamedPipe: The pipe has been ended. (0x6D)
[0625/145435.182:ERROR:registration_protocol_win.cc(84)] TransactNamedPipe: The pipe has been ended. (0x6D)
[0625/145435.682:ERROR:registration_protocol_win.cc(84)] TransactNamedPipe: The pipe has been ended. (0x6D)
[0625/145435.682:ERROR:registration_protocol_win.cc(84)] TransactNamedPipe: The pipe has been ended. (0x6D)
[0625/145858.229:ERROR:registration_protocol_win.cc(84)] TransactNamedPipe: The pipe has been ended. (0x6D)
[0625/145858.549:ERROR:registration_protocol_win.cc(84)] TransactNamedPipe: The pipe has been ended. (0x6D)
[0625/145920.605:ERROR:registration_protocol_win.cc(84)] TransactNamedPipe: The pipe has been ended. (0x6D)
